
Due to MODULEPATH changes, the following have been reloaded:
  1) libfabric/1.10.1     2) openmpi/4.0.3     3) ucx/1.8.0

usage: train_resnet_horovod.py
       [-h]
       [-e EPOCHS]
       [-b BATCH_SIZE]
       [-s SAVE_PATH]
       [-p LOSS_GRAPH_PATH]
       [-cuda C]
       [-lr LEARNING_RATE]
       [-j JSON]
train_resnet_horovod.py: error: unrecognized arguments: --p loss10.pth
usage: train_resnet_horovod.py
       [-h]
       [-e EPOCHS]
       [-b BATCH_SIZE]
       [-s SAVE_PATH]
       [-p LOSS_GRAPH_PATH]
       [-cuda C]
       [-lr LEARNING_RATE]
       [-j JSON]
train_resnet_horovod.py: error: unrecognized arguments: --p loss10.pth
usage: train_resnet_horovod.py
       [-h]
       [-e EPOCHS]
       [-b BATCH_SIZE]
       [-s SAVE_PATH]
       [-p LOSS_GRAPH_PATH]
       [-cuda C]
       [-lr LEARNING_RATE]
       [-j JSON]
train_resnet_horovod.py: error: unrecognized arguments: --p loss10.pth
usage: train_resnet_horovod.py
       [-h]
       [-e EPOCHS]
       [-b BATCH_SIZE]
       [-s SAVE_PATH]
       [-p LOSS_GRAPH_PATH]
       [-cuda C]
       [-lr LEARNING_RATE]
       [-j JSON]
train_resnet_horovod.py: error: unrecognized arguments: --p loss10.pth
--------------------------------------------------------------------------
Primary job  terminated normally, but 1 process returned
a non-zero exit code. Per user-direction, the job has been aborted.
--------------------------------------------------------------------------
--------------------------------------------------------------------------
mpirun detected that one or more processes exited with non-zero status, thus causing
the job to be terminated. The first process to do so was:

  Process name: [[11416,1],1]
  Exit code:    2
--------------------------------------------------------------------------
